C:\USERS\DUCTM\DOCUMENTS\VISUAL STUDIO 2010\PROJECTS\WHEEL\DEBUG\WHEEL.EXE
C:\USERS\DUCTM\DOCUMENTS\VISUAL STUDIO 2010\PROJECTS\WHEEL\DEBUG\WHEEL.ILK
C:\USERS\DUCTM\DOCUMENTS\VISUAL STUDIO 2010\PROJECTS\WHEEL\DEBUG\WHEEL.PDB
C:\USERS\DUCTM\DOCUMENTS\VISUAL STUDIO 2010\PROJECTS\WHEEL\WHEEL\DEBUG\BUTTON.OBJ
C:\Users\DucTM\Documents\Visual Studio 2010\Projects\Wheel\Wheel\Debug\cl.command.1.tlog
C:\Users\DucTM\Documents\Visual Studio 2010\Projects\Wheel\Wheel\Debug\CL.read.1.tlog
C:\Users\DucTM\Documents\Visual Studio 2010\Projects\Wheel\Wheel\Debug\CL.write.1.tlog
C:\USERS\DUCTM\DOCUMENTS\VISUAL STUDIO 2010\PROJECTS\WHEEL\WHEEL\DEBUG\KEYBOARD.OBJ
C:\USERS\DUCTM\DOCUMENTS\VISUAL STUDIO 2010\PROJECTS\WHEEL\WHEEL\DEBUG\LETTER.OBJ
C:\Users\DucTM\Documents\Visual Studio 2010\Projects\Wheel\Wheel\Debug\link.4372.read.1.tlog
C:\Users\DucTM\Documents\Visual Studio 2010\Projects\Wheel\Wheel\Debug\link.4372.read.2.tlog
C:\Users\DucTM\Documents\Visual Studio 2010\Projects\Wheel\Wheel\Debug\link.4372.write.1.tlog
C:\Users\DucTM\Documents\Visual Studio 2010\Projects\Wheel\Wheel\Debug\link.4372-cvtres.read.1.tlog
C:\Users\DucTM\Documents\Visual Studio 2010\Projects\Wheel\Wheel\Debug\link.4372-cvtres.write.1.tlog
C:\Users\DucTM\Documents\Visual Studio 2010\Projects\Wheel\Wheel\Debug\link.5216.read.1.tlog
C:\Users\DucTM\Documents\Visual Studio 2010\Projects\Wheel\Wheel\Debug\link.5216.read.2.tlog
C:\Users\DucTM\Documents\Visual Studio 2010\Projects\Wheel\Wheel\Debug\link.5216.write.1.tlog
C:\Users\DucTM\Documents\Visual Studio 2010\Projects\Wheel\Wheel\Debug\link.5216-cvtres.read.1.tlog
C:\Users\DucTM\Documents\Visual Studio 2010\Projects\Wheel\Wheel\Debug\link.5216-cvtres.write.1.tlog
C:\Users\DucTM\Documents\Visual Studio 2010\Projects\Wheel\Wheel\Debug\link.900.read.1.tlog
C:\Users\DucTM\Documents\Visual Studio 2010\Projects\Wheel\Wheel\Debug\link.900.read.2.tlog
C:\Users\DucTM\Documents\Visual Studio 2010\Projects\Wheel\Wheel\Debug\link.900.write.1.tlog
C:\Users\DucTM\Documents\Visual Studio 2010\Projects\Wheel\Wheel\Debug\link.900-cvtres.read.1.tlog
C:\Users\DucTM\Documents\Visual Studio 2010\Projects\Wheel\Wheel\Debug\link.900-cvtres.write.1.tlog
C:\Users\DucTM\Documents\Visual Studio 2010\Projects\Wheel\Wheel\Debug\link.command.1.tlog
C:\Users\DucTM\Documents\Visual Studio 2010\Projects\Wheel\Wheel\Debug\link.read.1.tlog
C:\Users\DucTM\Documents\Visual Studio 2010\Projects\Wheel\Wheel\Debug\link.read.2.tlog
C:\Users\DucTM\Documents\Visual Studio 2010\Projects\Wheel\Wheel\Debug\link.write.1.tlog
C:\Users\DucTM\Documents\Visual Studio 2010\Projects\Wheel\Wheel\Debug\link-cvtres.read.1.tlog
C:\Users\DucTM\Documents\Visual Studio 2010\Projects\Wheel\Wheel\Debug\link-cvtres.write.1.tlog
C:\USERS\DUCTM\DOCUMENTS\VISUAL STUDIO 2010\PROJECTS\WHEEL\WHEEL\DEBUG\MAIN.OBJ
C:\USERS\DUCTM\DOCUMENTS\VISUAL STUDIO 2010\PROJECTS\WHEEL\WHEEL\DEBUG\MENU.OBJ
C:\Users\DucTM\Documents\Visual Studio 2010\Projects\Wheel\Wheel\Debug\mt.command.1.tlog
C:\Users\DucTM\Documents\Visual Studio 2010\Projects\Wheel\Wheel\Debug\mt.read.1.tlog
C:\Users\DucTM\Documents\Visual Studio 2010\Projects\Wheel\Wheel\Debug\mt.write.1.tlog
C:\USERS\DUCTM\DOCUMENTS\VISUAL STUDIO 2010\PROJECTS\WHEEL\WHEEL\DEBUG\PLAYER.OBJ
C:\USERS\DUCTM\DOCUMENTS\VISUAL STUDIO 2010\PROJECTS\WHEEL\WHEEL\DEBUG\QUIZ.OBJ
C:\Users\DucTM\Documents\Visual Studio 2010\Projects\Wheel\Wheel\Debug\rc.command.1.tlog
C:\Users\DucTM\Documents\Visual Studio 2010\Projects\Wheel\Wheel\Debug\rc.read.1.tlog
C:\Users\DucTM\Documents\Visual Studio 2010\Projects\Wheel\Wheel\Debug\rc.write.1.tlog
C:\USERS\DUCTM\DOCUMENTS\VISUAL STUDIO 2010\PROJECTS\WHEEL\WHEEL\DEBUG\UTILS.OBJ
C:\Users\DucTM\Documents\Visual Studio 2010\Projects\Wheel\Wheel\Debug\vc100.idb
C:\USERS\DUCTM\DOCUMENTS\VISUAL STUDIO 2010\PROJECTS\WHEEL\WHEEL\DEBUG\VC100.PDB
C:\USERS\DUCTM\DOCUMENTS\VISUAL STUDIO 2010\PROJECTS\WHEEL\WHEEL\DEBUG\WHEEL.EXE.EMBED.MANIFEST
C:\USERS\DUCTM\DOCUMENTS\VISUAL STUDIO 2010\PROJECTS\WHEEL\WHEEL\DEBUG\WHEEL.EXE.EMBED.MANIFEST.RES
C:\USERS\DUCTM\DOCUMENTS\VISUAL STUDIO 2010\PROJECTS\WHEEL\WHEEL\DEBUG\WHEEL.EXE.INTERMEDIATE.MANIFEST
C:\USERS\DUCTM\DOCUMENTS\VISUAL STUDIO 2010\PROJECTS\WHEEL\WHEEL\DEBUG\WHEEL.OBJ
C:\Users\DucTM\Documents\Visual Studio 2010\Projects\Wheel\Wheel\Debug\Wheel_manifest.rc
